{"/home/alpha/projects/web/springboard/express-biztime/app.js": {"path":"/home/alpha/projects/web/springboard/express-biztime/app.js","statementMap":{"0":{"start":{"line":2,"column":16},"end":{"line":2,"column":34}},"1":{"start":{"line":3,"column":12},"end":{"line":3,"column":21}},"2":{"start":{"line":4,"column":23},"end":{"line":4,"column":48}},"3":{"start":{"line":6,"column":0},"end":{"line":6,"column":24}},"4":{"start":{"line":8,"column":21},"end":{"line":8,"column":49}},"5":{"start":{"line":9,"column":0},"end":{"line":9,"column":35}},"6":{"start":{"line":10,"column":22},"end":{"line":10,"column":51}},"7":{"start":{"line":11,"column":0},"end":{"line":11,"column":37}},"8":{"start":{"line":16,"column":0},"end":{"line":19,"column":3}},"9":{"start":{"line":17,"column":14},"end":{"line":17,"column":48}},"10":{"start":{"line":18,"column":2},"end":{"line":18,"column":19}},"11":{"start":{"line":23,"column":0},"end":{"line":30,"column":3}},"12":{"start":{"line":24,"column":2},"end":{"line":24,"column":32}},"13":{"start":{"line":26,"column":2},"end":{"line":29,"column":5}},"14":{"start":{"line":33,"column":0},"end":{"line":33,"column":21}}},"fnMap":{"0":{"name":"(anonymous_0)","decl":{"start":{"line":16,"column":8},"end":{"line":16,"column":9}},"loc":{"start":{"line":16,"column":33},"end":{"line":19,"column":1}},"line":16},"1":{"name":"(anonymous_1)","decl":{"start":{"line":23,"column":8},"end":{"line":23,"column":9}},"loc":{"start":{"line":23,"column":33},"end":{"line":30,"column":1}},"line":23}},"branchMap":{"0":{"loc":{"start":{"line":24,"column":13},"end":{"line":24,"column":30}},"type":"binary-expr","locations":[{"start":{"line":24,"column":13},"end":{"line":24,"column":23}},{"start":{"line":24,"column":27},"end":{"line":24,"column":30}}],"line":24}},"s":{"0":1,"1":1,"2":1,"3":1,"4":1,"5":1,"6":1,"7":1,"8":1,"9":0,"10":0,"11":1,"12":2,"13":2,"14":1},"f":{"0":0,"1":2},"b":{"0":[2,0]},"_coverageSchema":"1a1c01bbd47fc00a2c39e90264f33305004495a9","hash":"d15f277f9b4c87e7db5f7e2efcacb687321beff9"}
,"/home/alpha/projects/web/springboard/express-biztime/db.js": {"path":"/home/alpha/projects/web/springboard/express-biztime/db.js","statementMap":{"0":{"start":{"line":2,"column":17},"end":{"line":2,"column":30}},"1":{"start":{"line":6,"column":0},"end":{"line":10,"column":1}},"2":{"start":{"line":7,"column":4},"end":{"line":7,"column":42}},"3":{"start":{"line":9,"column":4},"end":{"line":9,"column":37}},"4":{"start":{"line":12,"column":9},"end":{"line":14,"column":2}},"5":{"start":{"line":16,"column":0},"end":{"line":16,"column":13}},"6":{"start":{"line":18,"column":9},"end":{"line":18,"column":22}},"7":{"start":{"line":20,"column":0},"end":{"line":20,"column":20}}},"fnMap":{},"branchMap":{"0":{"loc":{"start":{"line":6,"column":0},"end":{"line":10,"column":1}},"type":"if","locations":[{"start":{"line":6,"column":0},"end":{"line":10,"column":1}},{"start":{"line":8,"column":7},"end":{"line":10,"column":1}}],"line":6}},"s":{"0":1,"1":1,"2":1,"3":0,"4":1,"5":1,"6":1,"7":1},"f":{},"b":{"0":[1,0]},"_coverageSchema":"1a1c01bbd47fc00a2c39e90264f33305004495a9","hash":"791c281b2334d9321da817b91f5591ae3e1ff1d2"}
,"/home/alpha/projects/web/springboard/express-biztime/expressError.js": {"path":"/home/alpha/projects/web/springboard/express-biztime/expressError.js","statementMap":{"0":{"start":{"line":9,"column":4},"end":{"line":9,"column":12}},"1":{"start":{"line":10,"column":4},"end":{"line":10,"column":27}},"2":{"start":{"line":11,"column":4},"end":{"line":11,"column":25}},"3":{"start":{"line":12,"column":4},"end":{"line":12,"column":30}},"4":{"start":{"line":16,"column":0},"end":{"line":16,"column":32}}},"fnMap":{"0":{"name":"(anonymous_0)","decl":{"start":{"line":8,"column":2},"end":{"line":8,"column":3}},"loc":{"start":{"line":8,"column":31},"end":{"line":13,"column":3}},"line":8}},"branchMap":{},"s":{"0":2,"1":2,"2":2,"3":2,"4":1},"f":{"0":2},"b":{},"_coverageSchema":"1a1c01bbd47fc00a2c39e90264f33305004495a9","hash":"8a1662884ca8e6a99ecfed6f33c7832dfe839aee"}
,"/home/alpha/projects/web/springboard/express-biztime/routes/companies.js": {"path":"/home/alpha/projects/web/springboard/express-biztime/routes/companies.js","statementMap":{"0":{"start":{"line":1,"column":16},"end":{"line":1,"column":34}},"1":{"start":{"line":2,"column":15},"end":{"line":2,"column":31}},"2":{"start":{"line":3,"column":11},"end":{"line":3,"column":27}},"3":{"start":{"line":4,"column":25},"end":{"line":4,"column":51}},"4":{"start":{"line":7,"column":0},"end":{"line":14,"column":2}},"5":{"start":{"line":8,"column":4},"end":{"line":13,"column":5}},"6":{"start":{"line":9,"column":18},"end":{"line":9,"column":59}},"7":{"start":{"line":10,"column":1},"end":{"line":10,"column":43}},"8":{"start":{"line":12,"column":1},"end":{"line":12,"column":18}},"9":{"start":{"line":16,"column":0},"end":{"line":28,"column":2}},"10":{"start":{"line":17,"column":4},"end":{"line":27,"column":5}},"11":{"start":{"line":18,"column":16},"end":{"line":18,"column":26}},"12":{"start":{"line":19,"column":18},"end":{"line":19,"column":81}},"13":{"start":{"line":20,"column":13},"end":{"line":20,"column":85}},"14":{"start":{"line":21,"column":1},"end":{"line":23,"column":2}},"15":{"start":{"line":22,"column":5},"end":{"line":22,"column":74}},"16":{"start":{"line":24,"column":1},"end":{"line":24,"column":44}},"17":{"start":{"line":26,"column":1},"end":{"line":26,"column":18}},"18":{"start":{"line":30,"column":0},"end":{"line":38,"column":2}},"19":{"start":{"line":31,"column":4},"end":{"line":37,"column":5}},"20":{"start":{"line":32,"column":35},"end":{"line":32,"column":43}},"21":{"start":{"line":33,"column":18},"end":{"line":33,"column":164}},"22":{"start":{"line":34,"column":1},"end":{"line":34,"column":56}},"23":{"start":{"line":36,"column":1},"end":{"line":36,"column":18}},"24":{"start":{"line":40,"column":0},"end":{"line":53,"column":2}},"25":{"start":{"line":41,"column":4},"end":{"line":52,"column":5}},"26":{"start":{"line":42,"column":29},"end":{"line":42,"column":37}},"27":{"start":{"line":43,"column":16},"end":{"line":43,"column":26}},"28":{"start":{"line":44,"column":18},"end":{"line":44,"column":133}},"29":{"start":{"line":45,"column":1},"end":{"line":47,"column":2}},"30":{"start":{"line":46,"column":5},"end":{"line":46,"column":76}},"31":{"start":{"line":48,"column":1},"end":{"line":48,"column":56}},"32":{"start":{"line":51,"column":1},"end":{"line":51,"column":18}},"33":{"start":{"line":55,"column":0},"end":{"line":67,"column":2}},"34":{"start":{"line":56,"column":4},"end":{"line":66,"column":5}},"35":{"start":{"line":57,"column":16},"end":{"line":57,"column":26}},"36":{"start":{"line":58,"column":15},"end":{"line":58,"column":79}},"37":{"start":{"line":59,"column":1},"end":{"line":61,"column":2}},"38":{"start":{"line":60,"column":5},"end":{"line":60,"column":76}},"39":{"start":{"line":62,"column":18},"end":{"line":62,"column":79}},"40":{"start":{"line":63,"column":1},"end":{"line":63,"column":37}},"41":{"start":{"line":65,"column":1},"end":{"line":65,"column":18}},"42":{"start":{"line":69,"column":0},"end":{"line":69,"column":24}}},"fnMap":{"0":{"name":"(anonymous_0)","decl":{"start":{"line":7,"column":16},"end":{"line":7,"column":17}},"loc":{"start":{"line":7,"column":40},"end":{"line":14,"column":1}},"line":7},"1":{"name":"(anonymous_1)","decl":{"start":{"line":16,"column":21},"end":{"line":16,"column":22}},"loc":{"start":{"line":16,"column":45},"end":{"line":28,"column":1}},"line":16},"2":{"name":"(anonymous_2)","decl":{"start":{"line":30,"column":17},"end":{"line":30,"column":18}},"loc":{"start":{"line":30,"column":41},"end":{"line":38,"column":1}},"line":30},"3":{"name":"(anonymous_3)","decl":{"start":{"line":40,"column":21},"end":{"line":40,"column":22}},"loc":{"start":{"line":40,"column":45},"end":{"line":53,"column":1}},"line":40},"4":{"name":"(anonymous_4)","decl":{"start":{"line":55,"column":24},"end":{"line":55,"column":25}},"loc":{"start":{"line":55,"column":48},"end":{"line":67,"column":1}},"line":55}},"branchMap":{"0":{"loc":{"start":{"line":21,"column":1},"end":{"line":23,"column":2}},"type":"if","locations":[{"start":{"line":21,"column":1},"end":{"line":23,"column":2}},{"start":{},"end":{}}],"line":21},"1":{"loc":{"start":{"line":45,"column":1},"end":{"line":47,"column":2}},"type":"if","locations":[{"start":{"line":45,"column":1},"end":{"line":47,"column":2}},{"start":{},"end":{}}],"line":45},"2":{"loc":{"start":{"line":59,"column":1},"end":{"line":61,"column":2}},"type":"if","locations":[{"start":{"line":59,"column":1},"end":{"line":61,"column":2}},{"start":{},"end":{}}],"line":59}},"s":{"0":1,"1":1,"2":1,"3":1,"4":1,"5":1,"6":1,"7":1,"8":0,"9":1,"10":2,"11":2,"12":2,"13":2,"14":2,"15":1,"16":1,"17":1,"18":1,"19":1,"20":1,"21":1,"22":1,"23":0,"24":1,"25":2,"26":2,"27":2,"28":2,"29":2,"30":1,"31":1,"32":1,"33":1,"34":1,"35":1,"36":1,"37":1,"38":0,"39":1,"40":1,"41":0,"42":1},"f":{"0":1,"1":2,"2":1,"3":2,"4":1},"b":{"0":[1,1],"1":[1,1],"2":[0,1]},"_coverageSchema":"1a1c01bbd47fc00a2c39e90264f33305004495a9","hash":"52cba7efa3a486484ddc3c26a551bd5eb62c50e8"}
,"/home/alpha/projects/web/springboard/express-biztime/routes/invoices.js": {"path":"/home/alpha/projects/web/springboard/express-biztime/routes/invoices.js","statementMap":{"0":{"start":{"line":1,"column":16},"end":{"line":1,"column":34}},"1":{"start":{"line":2,"column":15},"end":{"line":2,"column":31}},"2":{"start":{"line":3,"column":11},"end":{"line":3,"column":27}},"3":{"start":{"line":4,"column":25},"end":{"line":4,"column":51}},"4":{"start":{"line":7,"column":0},"end":{"line":14,"column":2}},"5":{"start":{"line":8,"column":4},"end":{"line":13,"column":5}},"6":{"start":{"line":9,"column":18},"end":{"line":9,"column":58}},"7":{"start":{"line":10,"column":1},"end":{"line":10,"column":42}},"8":{"start":{"line":12,"column":1},"end":{"line":12,"column":18}},"9":{"start":{"line":18,"column":0},"end":{"line":29,"column":2}},"10":{"start":{"line":19,"column":4},"end":{"line":28,"column":5}},"11":{"start":{"line":20,"column":14},"end":{"line":20,"column":24}},"12":{"start":{"line":21,"column":18},"end":{"line":21,"column":76}},"13":{"start":{"line":22,"column":1},"end":{"line":24,"column":2}},"14":{"start":{"line":23,"column":5},"end":{"line":23,"column":70}},"15":{"start":{"line":25,"column":1},"end":{"line":25,"column":44}},"16":{"start":{"line":27,"column":1},"end":{"line":27,"column":18}},"17":{"start":{"line":31,"column":0},"end":{"line":39,"column":2}},"18":{"start":{"line":32,"column":4},"end":{"line":38,"column":5}},"19":{"start":{"line":33,"column":26},"end":{"line":33,"column":34}},"20":{"start":{"line":34,"column":18},"end":{"line":34,"column":119}},"21":{"start":{"line":35,"column":1},"end":{"line":35,"column":56}},"22":{"start":{"line":37,"column":1},"end":{"line":37,"column":18}},"23":{"start":{"line":41,"column":0},"end":{"line":54,"column":2}},"24":{"start":{"line":42,"column":4},"end":{"line":53,"column":5}},"25":{"start":{"line":43,"column":15},"end":{"line":43,"column":23}},"26":{"start":{"line":44,"column":14},"end":{"line":44,"column":24}},"27":{"start":{"line":45,"column":18},"end":{"line":45,"column":97}},"28":{"start":{"line":46,"column":1},"end":{"line":48,"column":2}},"29":{"start":{"line":47,"column":5},"end":{"line":47,"column":72}},"30":{"start":{"line":49,"column":1},"end":{"line":49,"column":56}},"31":{"start":{"line":52,"column":1},"end":{"line":52,"column":18}},"32":{"start":{"line":56,"column":0},"end":{"line":68,"column":2}},"33":{"start":{"line":57,"column":4},"end":{"line":67,"column":5}},"34":{"start":{"line":58,"column":14},"end":{"line":58,"column":24}},"35":{"start":{"line":59,"column":15},"end":{"line":59,"column":74}},"36":{"start":{"line":60,"column":1},"end":{"line":62,"column":2}},"37":{"start":{"line":61,"column":5},"end":{"line":61,"column":72}},"38":{"start":{"line":63,"column":18},"end":{"line":63,"column":74}},"39":{"start":{"line":64,"column":1},"end":{"line":64,"column":37}},"40":{"start":{"line":66,"column":1},"end":{"line":66,"column":18}},"41":{"start":{"line":70,"column":0},"end":{"line":70,"column":24}}},"fnMap":{"0":{"name":"(anonymous_0)","decl":{"start":{"line":7,"column":16},"end":{"line":7,"column":17}},"loc":{"start":{"line":7,"column":40},"end":{"line":14,"column":1}},"line":7},"1":{"name":"(anonymous_1)","decl":{"start":{"line":18,"column":19},"end":{"line":18,"column":20}},"loc":{"start":{"line":18,"column":43},"end":{"line":29,"column":1}},"line":18},"2":{"name":"(anonymous_2)","decl":{"start":{"line":31,"column":17},"end":{"line":31,"column":18}},"loc":{"start":{"line":31,"column":41},"end":{"line":39,"column":1}},"line":31},"3":{"name":"(anonymous_3)","decl":{"start":{"line":41,"column":19},"end":{"line":41,"column":20}},"loc":{"start":{"line":41,"column":43},"end":{"line":54,"column":1}},"line":41},"4":{"name":"(anonymous_4)","decl":{"start":{"line":56,"column":22},"end":{"line":56,"column":23}},"loc":{"start":{"line":56,"column":46},"end":{"line":68,"column":1}},"line":56}},"branchMap":{"0":{"loc":{"start":{"line":22,"column":1},"end":{"line":24,"column":2}},"type":"if","locations":[{"start":{"line":22,"column":1},"end":{"line":24,"column":2}},{"start":{},"end":{}}],"line":22},"1":{"loc":{"start":{"line":46,"column":1},"end":{"line":48,"column":2}},"type":"if","locations":[{"start":{"line":46,"column":1},"end":{"line":48,"column":2}},{"start":{},"end":{}}],"line":46},"2":{"loc":{"start":{"line":60,"column":1},"end":{"line":62,"column":2}},"type":"if","locations":[{"start":{"line":60,"column":1},"end":{"line":62,"column":2}},{"start":{},"end":{}}],"line":60}},"s":{"0":1,"1":1,"2":1,"3":1,"4":1,"5":0,"6":0,"7":0,"8":0,"9":1,"10":0,"11":0,"12":0,"13":0,"14":0,"15":0,"16":0,"17":1,"18":0,"19":0,"20":0,"21":0,"22":0,"23":1,"24":0,"25":0,"26":0,"27":0,"28":0,"29":0,"30":0,"31":0,"32":1,"33":0,"34":0,"35":0,"36":0,"37":0,"38":0,"39":0,"40":0,"41":1},"f":{"0":0,"1":0,"2":0,"3":0,"4":0},"b":{"0":[0,0],"1":[0,0],"2":[0,0]},"_coverageSchema":"1a1c01bbd47fc00a2c39e90264f33305004495a9","hash":"abcc5635fcf9e461f7a79a18ea90ddd43f74d5b4"}
}
